<?xml version="1.0" encoding="UTF-8"?>
<!-- Generated by org.testng.reporters.JUnitXMLReporter -->
<testsuite ignored="0" hostname="DESKTOP-BRLPTC3" failures="0" tests="14" name="Default test" time="147.79" errors="0" timestamp="2025-06-07T00:17:45 EET">
  <testcase classname="TestCases" name="CheckTheLanguage" time="0.064"/>
  <testcase classname="TestCases" name="CheckTheCurrency" time="0.058"/>
  <testcase classname="TestCases" name="RandomlyChangeTheLanguage_And_Random_Ar_Or_En_Cities" time="16.464"/>
  <testcase classname="TestCases" name="BookingSubscribeValid" time="3.541"/>
  <testcase classname="TestCases" name="BookingSubscribeInvalid" time="2.471"/>
  <testcase classname="TestCases" name="Search_for_Accommodations" time="12.678"/>
  <testcase classname="TestCases" name="CheckInDate_CheckOutDate" time="0.431"/>
  <testcase classname="TestCases" name="Visitors_Rooms_Children" time="15.953"/>
  <testcase classname="TestCases" name="NavigateToAccommodationDetails" time="8.081"/>
  <testcase classname="TestCases" name="setRandomPriceFilter" time="2.796"/>
  <testcase classname="TestCases" name="sortByRating" time="5.322"/>
  <testcase classname="TestCases" name="BookingProcess" time="13.919"/>
  <testcase classname="TestCases" name="PaymentDetails" time="14.231"/>
  <testcase classname="TestCases" name="CorrectPayment" time="39.013"/>
</testsuite> <!-- Default test -->
