<?xml version="1.0" encoding="UTF-8"?>
<!-- Generated by org.testng.reporters.JUnitXMLReporter -->
<testsuite ignored="0" hostname="DESKTOP-BRLPTC3" failures="0" tests="14" name="Default test" time="133.367" errors="0" timestamp="2025-06-11T03:45:06 EET">
  <testcase classname="TestCases" name="CheckTheLanguage" time="0.105"/>
  <testcase classname="TestCases" name="CheckTheCurrency" time="0.099"/>
  <testcase classname="TestCases" name="RandomlyChangeTheLanguage_And_Random_Ar_Or_En_Cities" time="16.596"/>
  <testcase classname="TestCases" name="BookingSubscribeValid" time="2.874"/>
  <testcase classname="TestCases" name="BookingSubscribeInvalid" time="2.423"/>
  <testcase classname="TestCases" name="Search_for_Accommodations" time="13.099"/>
  <testcase classname="TestCases" name="CheckInDate_CheckOutDate" time="0.467"/>
  <testcase classname="TestCases" name="Visitors_Rooms_Children" time="14.885"/>
  <testcase classname="TestCases" name="NavigateToAccommodationDetails" time="7.804"/>
  <testcase classname="TestCases" name="setRandomPriceFilter" time="4.36"/>
  <testcase classname="TestCases" name="sortByRating" time="2.617"/>
  <testcase classname="TestCases" name="BookingProcess" time="12.625"/>
  <testcase classname="TestCases" name="PaymentDetails" time="14.382"/>
  <testcase classname="TestCases" name="FinishThePayment" time="27.236"/>
</testsuite> <!-- Default test -->
